<?xml version="1.0" encoding="UTF-8"?>
<testng-results ignored="0" total="1" passed="1" failed="0" skipped="0">
  <reporter-output>
  </reporter-output>
  <suite started-at="2025-01-05T23:26:37 IST" name="Default suite" finished-at="2025-01-05T23:26:41 IST" duration-ms="3766">
    <groups>
    </groups>
    <test started-at="2025-01-05T23:26:37 IST" name="Default test" finished-at="2025-01-05T23:26:41 IST" duration-ms="3766">
      <class name="com.api.tests.GetProfileRequestTest">
        <test-method signature="getProfileInfoTest()[pri:0, instance:com.api.tests.GetProfileRequestTest@67f639d3]" started-at="2025-01-05T23:26:37 IST" name="getProfileInfoTest" finished-at="2025-01-05T23:26:41 IST" duration-ms="3712" status="PASS">
          <reporter-output>
          </reporter-output>
        </test-method> <!-- getProfileInfoTest -->
      </class> <!-- com.api.tests.GetProfileRequestTest -->
    </test> <!-- Default test -->
  </suite> <!-- Default suite -->
</testng-results>
